<?xml version="1.0" encoding="UTF-8"?>
<!-- Generated by org.testng.reporters.JUnitXMLReporter -->
<testsuite ignored="1" hostname="DESKTOP-QI1Q774" failures="0" tests="1" name="Default test" time="10.579" errors="0" timestamp="2024-09-11T22:05:47 GMT">
  <testcase classname="elio.project.TestNg.ElioPaul" name="invalidPasswordLogin" time="6.244"/>
  <testcase classname="elio.project.TestNg.ElioPaul" name="validLogin" time="0.0">
    <ignored/>
  </testcase> <!-- validLogin -->
</testsuite> <!-- Default test -->
